* using log directory ‘/Users/annasanto/Documents/R/STAT545/STAT545AssignmentB2/likert2dummy.Rcheck’
* using R version 4.1.1 (2021-08-10)
* using platform: aarch64-apple-darwin20 (64-bit)
* using session charset: UTF-8
* using options ‘--no-manual --as-cran’
* checking for file ‘likert2dummy/DESCRIPTION’ ... OK
* this is package ‘likert2dummy’ version ‘0.1.0’
* package encoding: UTF-8
* checking package namespace information ... OK
* checking package dependencies ... OK
* checking if this is a source package ... OK
* checking if there is a namespace ... OK
* checking for executable files ... OK
* checking for hidden files and directories ... OK
* checking for portable file names ... OK
* checking for sufficient/correct file permissions ... OK
* checking serialization versions ... OK
* checking whether package ‘likert2dummy’ can be installed ... OK
* checking installed package size ... OK
* checking package directory ... OK
* checking for future file timestamps ... OK
* checking DESCRIPTION meta-information ... OK
* checking top-level files ... OK
* checking for left-over files ... OK
* checking index information ... OK
* checking package subdirectories ... OK
* checking R files for non-ASCII characters ... OK
* checking R files for syntax errors ... OK
* checking whether the package can be loaded ... OK
* checking whether the package can be loaded with stated dependencies ... OK
* checking whether the package can be unloaded cleanly ... OK
* checking whether the namespace can be loaded with stated dependencies ... OK
* checking whether the namespace can be unloaded cleanly ... OK
* checking dependencies in R code ... NOTE
Package in Depends field not imported from: ‘tidyverse’
  These packages need to be imported from (in the NAMESPACE file)
  for when this namespace is loaded but not attached.
* checking S3 generic/method consistency ... OK
* checking replacement functions ... OK
* checking foreign function calls ... OK
* checking R code for possible problems ... NOTE
likert2dummy: no visible global function definition for ‘%>%’
likert2dummy: no visible global function definition for ‘pull’
likert2dummy: no visible global function definition for ‘:=’
Undefined global functions or variables:
  %>% := pull
* checking Rd files ... OK
* checking Rd metadata ... OK
* checking Rd line widths ... OK
* checking Rd cross-references ... OK
* checking for missing documentation entries ... OK
* checking for code/documentation mismatches ... OK
* checking Rd \usage sections ... OK
* checking Rd contents ... OK
* checking for unstated dependencies in examples ... OK
* checking examples ... OK
* checking for unstated dependencies in ‘tests’ ... OK
* checking tests ... ERROR
  Running ‘testthat.R’
Running the tests in ‘tests/testthat.R’ failed.
Last 13 lines of output:
  x dplyr::lag()           masks stats::lag()
  x readr::local_edition() masks testthat::local_edition()
  x dplyr::matches()       masks tidyr::matches(), testthat::matches()
  > 
  > test_check("likert2dummy")
  ══ Failed tests ════════════════════════════════════════════════════════════════
  ── Error (test-likert2dummy.R:30:1): (code run outside of `test_that()`) ───────
  Error: object 'x' not found
  Backtrace:
      █
   1. └─base::rm(list = c(x, y, df, a, b, m, n)) test-likert2dummy.R:30:0
  
  [ FAIL 1 | WARN 0 | SKIP 0 | PASS 4 ]
  Error: Test failures
  Execution halted
* checking for non-standard things in the check directory ... OK
* checking for detritus in the temp directory ... OK
* DONE
Status: 1 ERROR, 2 NOTEs
